{"/Users/davidhayes/ynabcli/lib/indexTransaction.js": {"path":"/Users/davidhayes/ynabcli/lib/indexTransaction.js","statementMap":{"0":{"start":{"line":1,"column":27},"end":{"line":26,"column":3}},"1":{"start":{"line":2,"column":4},"end":{"line":2,"column":55}},"2":{"start":{"line":3,"column":4},"end":{"line":3,"column":43}},"3":{"start":{"line":4,"column":32},"end":{"line":4,"column":34}},"4":{"start":{"line":7,"column":4},"end":{"line":23,"column":5}},"5":{"start":{"line":8,"column":6},"end":{"line":8,"column":31}},"6":{"start":{"line":9,"column":6},"end":{"line":9,"column":68}},"7":{"start":{"line":9,"column":42},"end":{"line":9,"column":66}},"8":{"start":{"line":10,"column":6},"end":{"line":10,"column":41}},"9":{"start":{"line":11,"column":6},"end":{"line":14,"column":7}},"10":{"start":{"line":12,"column":8},"end":{"line":12,"column":62}},"11":{"start":{"line":13,"column":8},"end":{"line":13,"column":47}},"12":{"start":{"line":15,"column":6},"end":{"line":15,"column":42}},"13":{"start":{"line":16,"column":6},"end":{"line":22,"column":9}},"14":{"start":{"line":20,"column":70},"end":{"line":20,"column":79}},"15":{"start":{"line":25,"column":4},"end":{"line":25,"column":31}},"16":{"start":{"line":28,"column":2},"end":{"line":28,"column":36}}},"fnMap":{"0":{"name":"(anonymous_0)","decl":{"start":{"line":1,"column":27},"end":{"line":1,"column":28}},"loc":{"start":{"line":1,"column":61},"end":{"line":26,"column":3}},"line":1},"1":{"name":"(anonymous_1)","decl":{"start":{"line":9,"column":33},"end":{"line":9,"column":34}},"loc":{"start":{"line":9,"column":42},"end":{"line":9,"column":66}},"line":9},"2":{"name":"(anonymous_2)","decl":{"start":{"line":20,"column":56},"end":{"line":20,"column":57}},"loc":{"start":{"line":20,"column":70},"end":{"line":20,"column":79}},"line":20}},"branchMap":{"0":{"loc":{"start":{"line":11,"column":6},"end":{"line":14,"column":7}},"type":"if","locations":[{"start":{"line":11,"column":6},"end":{"line":14,"column":7}},{"start":{},"end":{}}],"line":11}},"s":{"0":1,"1":2,"2":2,"3":2,"4":2,"5":8,"6":8,"7":20,"8":8,"9":8,"10":1,"11":1,"12":7,"13":7,"14":12,"15":1,"16":1},"f":{"0":2,"1":20,"2":12},"b":{"0":[1,7]},"_coverageSchema":"1a1c01bbd47fc00a2c39e90264f33305004495a9","hash":"bf9b621e9c5b621aefb2e425bc28e60546e5c2e5"}
}
